0 info it worked if it ends with ok
1 verbose cli [ 'D:\\webprogram\\node\\node.exe',
1 verbose cli   'D:\\webprogram\\node\\node_modules\\npm\\bin\\npm-cli.js',
1 verbose cli   'run',
1 verbose cli   'dev' ]
2 info using npm@3.10.10
3 info using node@v6.10.2
4 verbose run-script [ 'predev', 'dev', 'postdev' ]
5 info lifecycle breakfast_app@0.0.1~predev: breakfast_app@0.0.1
6 silly lifecycle breakfast_app@0.0.1~predev: no script for predev, continuing
7 info lifecycle breakfast_app@0.0.1~dev: breakfast_app@0.0.1
8 verbose lifecycle breakfast_app@0.0.1~dev: unsafe-perm in lifecycle true
9 verbose lifecycle breakfast_app@0.0.1~dev: PATH: D:\webprogram\node\node_modules\npm\bin\node-gyp-bin;D:\资料\小程序\wepy\git\LoveBreakfast\node_modules\.bin;C:\ProgramData\Oracle\Java\javapath;C:\WINDOWS\system32;C:\WINDOWS;C:\WINDOWS\System32\Wbem;C:\WINDOWS\System32\WindowsPowerShell\v1.0\;D:\webprogram\node\;C:\Program Files\Git\cmd;%JAVA_HOME%\bin;%JAVA_HOME%\jre\bin;C:\Program Files\TortoiseSVN\bin;C:\Users\maoya\AppData\Roaming\npm;%USERPROFILE%\AppData\Local\Microsoft\WindowsApps;
10 verbose lifecycle breakfast_app@0.0.1~dev: CWD: D:\资料\小程序\wepy\git\LoveBreakfast
11 silly lifecycle breakfast_app@0.0.1~dev: Args: [ '/d /s /c', 'wepy build --watch' ]
12 silly lifecycle breakfast_app@0.0.1~dev: Returned: code: 1  signal: null
13 info lifecycle breakfast_app@0.0.1~dev: Failed to exec dev script
14 verbose stack Error: breakfast_app@0.0.1 dev: `wepy build --watch`
14 verbose stack Exit status 1
14 verbose stack     at EventEmitter.<anonymous> (D:\webprogram\node\node_modules\npm\lib\utils\lifecycle.js:255:16)
14 verbose stack     at emitTwo (events.js:106:13)
14 verbose stack     at EventEmitter.emit (events.js:191:7)
14 verbose stack     at ChildProcess.<anonymous> (D:\webprogram\node\node_modules\npm\lib\utils\spawn.js:40:14)
14 verbose stack     at emitTwo (events.js:106:13)
14 verbose stack     at ChildProcess.emit (events.js:191:7)
14 verbose stack     at maybeClose (internal/child_process.js:886:16)
14 verbose stack     at Process.ChildProcess._handle.onexit (internal/child_process.js:226:5)
15 verbose pkgid breakfast_app@0.0.1
16 verbose cwd D:\资料\小程序\wepy\git\LoveBreakfast
17 error Windows_NT 10.0.16299
18 error argv "D:\\webprogram\\node\\node.exe" "D:\\webprogram\\node\\node_modules\\npm\\bin\\npm-cli.js" "run" "dev"
19 error node v6.10.2
20 error npm  v3.10.10
21 error code ELIFECYCLE
22 error breakfast_app@0.0.1 dev: `wepy build --watch`
22 error Exit status 1
23 error Failed at the breakfast_app@0.0.1 dev script 'wepy build --watch'.
23 error Make sure you have the latest version of node.js and npm installed.
23 error If you do, this is most likely a problem with the breakfast_app package,
23 error not with npm itself.
23 error Tell the author that this fails on your system:
23 error     wepy build --watch
23 error You can get information on how to open an issue for this project with:
23 error     npm bugs breakfast_app
23 error Or if that isn't available, you can get their info via:
23 error     npm owner ls breakfast_app
23 error There is likely additional logging output above.
24 verbose exit [ 1, true ]
